// Created: 2025-05-19 13:22:21
2025-05-19 13:22:21,154 - INFO - AmbulanceRouter initialized with graph containing 11298 nodes and 30865 edges.
2025-05-19 13:22:21,154 - INFO - Starting A* search from node 1546936999 to node 1719192044.
2025-05-19 13:22:21,217 - INFO - A* search completed. Path found: [1546936999, 10039092485, 2227153680, 4696742592, 10038744981, 11868291763, 4696742590, 10038653644, 4696742486, 10038760749, 4696742484, 11868532437, 4696742481, 10039378356, 4696742474, 10077641806, 3530520847, 9192285822, 4696742468, 10039092448, 10039131920, 11868292089, 4700187780, 1719191865, 4697257910, 12607355193, 4692323187, 4692323186, 4692323185, 6142999388, 9771052411, 1557381555, 2224822171, 1719192044]
2025-05-19 13:22:21,220 - INFO - Calculated path: [1546936999, 10039092485, 2227153680, 4696742592, 10038744981, 11868291763, 4696742590, 10038653644, 4696742486, 10038760749, 4696742484, 11868532437, 4696742481, 10039378356, 4696742474, 10077641806, 3530520847, 9192285822, 4696742468, 10039092448, 10039131920, 11868292089, 4700187780, 1719191865, 4697257910, 12607355193, 4692323187, 4692323186, 4692323185, 6142999388, 9771052411, 1557381555, 2224822171, 1719192044]
2025-05-19 13:22:21,220 - INFO - Route cached with key: a3d30a57bb5b5cafc2150d30b0f64202558aa0111319dbfcbca361155fbe31ec
2025-05-20 00:31:06,593 - INFO - Building/loading graph...
2025-05-20 00:31:06,593 - ERROR - Startup failed: build_simplified_graph() missing 2 required positional arguments: 'source' and 'dest'
Traceback (most recent call last):
  File "C:\Users\MANOHAR\Desktop\x\server\main.py", line 72, in lifespan
    graph = build_simplified_graph()
            ^^^^^^^^^^^^^^^^^^^^^^^^
TypeError: build_simplified_graph() missing 2 required positional arguments: 'source' and 'dest'
2025-05-20 00:31:06,593 - INFO - Shutting down application
2025-05-20 00:42:08,304 - INFO - Building/loading graph...
2025-05-20 00:42:08,307 - ERROR - Startup failed: build_simplified_graph() missing 2 required positional arguments: 'source' and 'dest'
Traceback (most recent call last):
  File "C:\Users\MANOHAR\Desktop\x\server\main.py", line 72, in lifespan
    graph = build_simplified_graph()
            ^^^^^^^^^^^^^^^^^^^^^^^^
TypeError: build_simplified_graph() missing 2 required positional arguments: 'source' and 'dest'
2025-05-20 00:42:08,308 - INFO - Shutting down application
2025-05-20 00:53:04,632 - INFO - Graph file already exists. Skipping download.
2025-05-20 00:53:04,632 - INFO - Startup complete
2025-05-20 00:53:22,333 - INFO - Fetching routes. No predefined routes will be returned.
2025-05-20 00:53:22,335 - INFO - Fetching routes. No predefined routes will be returned.
2025-05-20 00:53:22,338 - INFO - Fetching routes. No predefined routes will be returned.
2025-05-20 00:53:22,340 - INFO - Fetching routes. No predefined routes will be returned.
2025-05-20 00:53:26,231 - INFO - Received route calculation request: source_lat=12.982516 source_lng=77.529095 dest_lat=12.988345 dest_lng=77.508878
2025-05-20 00:53:26,232 - INFO - Loading graph from file: ./data/simplified_bengaluru.graphml
2025-05-20 00:53:45,014 - INFO - Graph loaded with 152601 nodes and 388165 edges.
2025-05-20 00:53:45,015 - INFO - Extracting subgraph for source=(12.982516, 77.529095), dest=(12.988345, 77.508878)
2025-05-20 00:53:54,404 - INFO - Subgraph extracted with 11298 nodes and 30865 edges.
2025-05-20 00:53:54,473 - INFO - Start node: 1546936999, End node: 1719192044
2025-05-20 00:53:54,484 - INFO - AmbulanceRouter initialized with graph containing 11298 nodes and 30865 edges.
2025-05-20 00:53:54,485 - INFO - Starting A* search from node 1546936999 to node 1719192044.
2025-05-20 00:53:54,530 - INFO - A* search completed. Path found: [1546936999, 10039092485, 2227153680, 4696742592, 10038744981, 11868291763, 4696742590, 10038653644, 4696742486, 10038760749, 4696742484, 11868532437, 4696742481, 10039378356, 4696742474, 10077641806, 3530520847, 9192285822, 4696742468, 10039092448, 10039131920, 11868292089, 4700187780, 1719191865, 4697257910, 12607355193, 4692323187, 4692323186, 4692323185, 6142999388, 9771052411, 1557381555, 2224822171, 1719192044]
2025-05-20 00:53:54,531 - INFO - Calculated path: [1546936999, 10039092485, 2227153680, 4696742592, 10038744981, 11868291763, 4696742590, 10038653644, 4696742486, 10038760749, 4696742484, 11868532437, 4696742481, 10039378356, 4696742474, 10077641806, 3530520847, 9192285822, 4696742468, 10039092448, 10039131920, 11868292089, 4700187780, 1719191865, 4697257910, 12607355193, 4692323187, 4692323186, 4692323185, 6142999388, 9771052411, 1557381555, 2224822171, 1719192044]
2025-05-20 00:53:54,531 - INFO - Route cached with key: a3d30a57bb5b5cafc2150d30b0f64202558aa0111319dbfcbca361155fbe31ec
2025-05-20 01:29:51,929 - INFO - Graph file already exists. Skipping download.
2025-05-20 01:29:51,929 - INFO - Startup complete
2025-05-20 01:54:00,215 - INFO - Graph file already exists. Skipping download.
2025-05-20 01:54:00,215 - INFO - Startup complete
2025-05-20 01:54:24,414 - INFO - Fetching routes. No predefined routes will be returned.
2025-05-20 01:54:24,420 - INFO - Fetching routes. No predefined routes will be returned.
2025-05-20 01:54:24,426 - INFO - Fetching routes. No predefined routes will be returned.
2025-05-20 01:54:24,436 - INFO - Fetching routes. No predefined routes will be returned.
2025-05-20 01:54:31,040 - INFO - Received route calculation request: source_lat=12.982157 source_lng=77.598217 dest_lat=12.972791 dest_lng=77.586308
2025-05-20 01:54:31,042 - INFO - Loading graph from file: ./data/simplified_bengaluru.graphml
2025-05-20 01:55:10,950 - INFO - Graph loaded with 152601 nodes and 388165 edges.
2025-05-20 01:55:10,951 - INFO - Extracting subgraph for source=(12.982157, 77.598217), dest=(12.972791, 77.586308)
2025-05-20 01:55:32,772 - INFO - Subgraph extracted with 6953 nodes and 17557 edges.
2025-05-20 01:55:32,859 - INFO - Start node: 429303174, End node: 663311696
2025-05-20 01:55:32,873 - INFO - AmbulanceRouter initialized with graph containing 6953 nodes and 17557 edges.
2025-05-20 01:55:32,873 - INFO - Starting A* search from node 429303174 to node 663311696.
2025-05-20 01:55:32,912 - INFO - A* search completed. Path found: [429303174, 294081383, 5466316467, 2016244606, 663596568, 3641907748, 3641907747, 2014690200, 263155937, 11854384388, 661987313, 11854384389, 3665554480, 10121296056, 12462395646, 663311721, 663311718, 12141911042, 12141911043, 12141911045, 663311696]
2025-05-20 01:55:32,915 - INFO - Calculated path: [429303174, 294081383, 5466316467, 2016244606, 663596568, 3641907748, 3641907747, 2014690200, 263155937, 11854384388, 661987313, 11854384389, 3665554480, 10121296056, 12462395646, 663311721, 663311718, 12141911042, 12141911043, 12141911045, 663311696]
2025-05-20 01:55:32,919 - INFO - Route cached with key: fb1142f01aaaa50cbca74ccaca9747ae43c8714346f76b26ac6a9e0b5c28de98
2025-05-20 09:51:38,044 - INFO - Graph file already exists. Skipping download.
2025-05-20 09:51:38,044 - INFO - Startup complete
2025-05-20 09:57:45,358 - INFO - Fetching routes. No predefined routes will be returned.
2025-05-20 09:57:45,371 - INFO - Fetching routes. No predefined routes will be returned.
2025-05-20 09:57:45,406 - INFO - Fetching routes. No predefined routes will be returned.
2025-05-20 09:57:45,439 - INFO - Fetching routes. No predefined routes will be returned.
2025-05-20 09:57:56,346 - INFO - Received route calculation request: source_lat=12.907877 source_lng=77.592391 dest_lat=12.917924 dest_lng=77.599245
2025-05-20 09:57:56,358 - INFO - Loading graph from file: ./data/simplified_bengaluru.graphml
2025-05-20 09:58:38,267 - INFO - Graph loaded with 152601 nodes and 388165 edges.
2025-05-20 09:58:38,268 - INFO - Extracting subgraph for source=(12.907877, 77.592391), dest=(12.917924, 77.599245)
2025-05-20 09:58:55,641 - INFO - Subgraph extracted with 7853 nodes and 19920 edges.
2025-05-20 09:58:55,770 - INFO - Start node: 309595529, End node: 309601327
2025-05-20 09:58:55,779 - INFO - AmbulanceRouter initialized with graph containing 7853 nodes and 19920 edges.
2025-05-20 09:58:55,779 - INFO - Starting A* search from node 309595529 to node 309601327.
2025-05-20 09:58:55,837 - INFO - A* search completed. Path found: [309595529, 309594757, 309594790, 309594787, 309594780, 309594605, 5354313551, 5354313552, 308473341, 362550614, 362557185, 309595499, 12229802213, 308468454, 3221380827, 308468333, 308466202, 305154750, 2550219088, 308465071, 308465041, 308464917, 308464715, 12165241795, 10123822794, 10123822792, 10123822793, 2544569077, 3902482901, 309600799, 309600804, 4397429402, 12459218188, 308464484, 309600930, 309601046, 309601079, 247974980, 309601396, 309601344, 309601327]
2025-05-20 09:58:55,837 - INFO - Calculated path: [309595529, 309594757, 309594790, 309594787, 309594780, 309594605, 5354313551, 5354313552, 308473341, 362550614, 362557185, 309595499, 12229802213, 308468454, 3221380827, 308468333, 308466202, 305154750, 2550219088, 308465071, 308465041, 308464917, 308464715, 12165241795, 10123822794, 10123822792, 10123822793, 2544569077, 3902482901, 309600799, 309600804, 4397429402, 12459218188, 308464484, 309600930, 309601046, 309601079, 247974980, 309601396, 309601344, 309601327]
2025-05-20 09:58:55,837 - INFO - Route cached with key: 984fb790c608a1a690a6db091f813928625ef242b188a8fdb885369c0a9c68dc
2025-05-20 10:38:28,734 - INFO - Shutting down application
2025-05-20 10:38:50,569 - INFO - Graph file already exists. Skipping download.
2025-05-20 10:38:50,569 - INFO - Startup complete
2025-05-20 10:39:05,116 - INFO - Fetching routes. No predefined routes will be returned.
2025-05-20 10:39:05,122 - INFO - Fetching routes. No predefined routes will be returned.
2025-05-20 10:39:05,130 - INFO - Fetching routes. No predefined routes will be returned.
2025-05-20 10:39:05,138 - INFO - Fetching routes. No predefined routes will be returned.
2025-05-20 10:39:11,313 - INFO - Received route calculation request: source_lat=12.982516 source_lng=77.529095 dest_lat=12.988345 dest_lng=77.508878
2025-05-20 10:39:11,320 - INFO - Loading graph from file: ./data/simplified_bengaluru.graphml
2025-05-20 10:39:43,261 - INFO - Graph loaded with 152601 nodes and 388165 edges.
2025-05-20 10:39:43,261 - INFO - Extracting subgraph for source=(12.982516, 77.529095), dest=(12.988345, 77.508878)
2025-05-20 10:40:02,817 - INFO - Subgraph extracted with 11298 nodes and 30865 edges.
2025-05-20 10:40:02,915 - INFO - Start node: 1546936999, End node: 1719192044
2025-05-20 10:40:02,934 - INFO - AmbulanceRouter initialized with graph containing 11298 nodes and 30865 edges.
2025-05-20 10:40:02,934 - INFO - Starting A* search from node 1546936999 to node 1719192044.
2025-05-20 10:40:03,212 - INFO - A* search completed. Path found: [1546936999, 10039092485, 2227153680, 4696742592, 10038744981, 11868291763, 4696742590, 10038653644, 4696742486, 10038760749, 4696742484, 11868532437, 4696742481, 10039378356, 4696742474, 10077641806, 3530520847, 9192285822, 4696742468, 10039092448, 10039131920, 11868292089, 4700187780, 1719191865, 4697257910, 12607355193, 4692323187, 4692323186, 4692323185, 6142999388, 9771052411, 1557381555, 2224822171, 1719192044]
2025-05-20 10:40:03,212 - INFO - Calculated path: [1546936999, 10039092485, 2227153680, 4696742592, 10038744981, 11868291763, 4696742590, 10038653644, 4696742486, 10038760749, 4696742484, 11868532437, 4696742481, 10039378356, 4696742474, 10077641806, 3530520847, 9192285822, 4696742468, 10039092448, 10039131920, 11868292089, 4700187780, 1719191865, 4697257910, 12607355193, 4692323187, 4692323186, 4692323185, 6142999388, 9771052411, 1557381555, 2224822171, 1719192044]
2025-05-20 10:40:03,214 - INFO - Route cached with key: a3d30a57bb5b5cafc2150d30b0f64202558aa0111319dbfcbca361155fbe31ec
2025-05-20 13:17:12,422 - INFO - Fetching routes. No predefined routes will be returned.
2025-05-20 13:17:19,131 - INFO - Fetching routes. No predefined routes will be returned.
2025-05-20 13:17:19,139 - INFO - Fetching routes. No predefined routes will be returned.
2025-05-20 13:17:19,139 - INFO - Fetching routes. No predefined routes will be returned.
2025-05-20 13:17:19,139 - INFO - Fetching routes. No predefined routes will be returned.
2025-05-20 13:17:28,388 - INFO - Received route calculation request: source_lat=12.907877 source_lng=77.592391 dest_lat=12.917924 dest_lng=77.599245
2025-05-20 13:17:28,388 - INFO - Loading graph from file: ./data/simplified_bengaluru.graphml
2025-05-20 13:17:48,650 - INFO - Graph loaded with 152601 nodes and 388165 edges.
2025-05-20 13:17:48,650 - INFO - Extracting subgraph for source=(12.907877, 77.592391), dest=(12.917924, 77.599245)
2025-05-20 13:17:54,018 - INFO - Subgraph extracted with 7853 nodes and 19920 edges.
2025-05-20 13:17:54,050 - INFO - Start node: 309595529, End node: 309601327
2025-05-20 13:17:54,056 - INFO - AmbulanceRouter initialized with graph containing 7853 nodes and 19920 edges.
2025-05-20 13:17:54,056 - INFO - Starting A* search from node 309595529 to node 309601327.
2025-05-20 13:17:54,076 - INFO - A* search completed. Path found: [309595529, 309594757, 309594790, 309594787, 309594780, 309594605, 5354313551, 5354313552, 308473341, 362550614, 362557185, 309595499, 12229802213, 308468454, 3221380827, 308468333, 308466202, 305154750, 2550219088, 308465071, 308465041, 308464917, 308464715, 12165241795, 10123822794, 10123822792, 10123822793, 2544569077, 3902482901, 309600799, 309600804, 4397429402, 12459218188, 308464484, 309600930, 309601046, 309601079, 247974980, 309601396, 309601344, 309601327]
2025-05-20 13:17:54,076 - INFO - Calculated path: [309595529, 309594757, 309594790, 309594787, 309594780, 309594605, 5354313551, 5354313552, 308473341, 362550614, 362557185, 309595499, 12229802213, 308468454, 3221380827, 308468333, 308466202, 305154750, 2550219088, 308465071, 308465041, 308464917, 308464715, 12165241795, 10123822794, 10123822792, 10123822793, 2544569077, 3902482901, 309600799, 309600804, 4397429402, 12459218188, 308464484, 309600930, 309601046, 309601079, 247974980, 309601396, 309601344, 309601327]
2025-05-20 13:17:54,076 - INFO - Route cached with key: 984fb790c608a1a690a6db091f813928625ef242b188a8fdb885369c0a9c68dc
2025-05-20 13:18:27,779 - INFO - Received route calculation request: source_lat=12.907877 source_lng=77.592391 dest_lat=12.917924 dest_lng=77.599245
2025-05-20 13:18:27,790 - INFO - Checking for cached route with key: 984fb790c608a1a690a6db091f813928625ef242b188a8fdb885369c0a9c68dc
2025-05-20 13:18:28,792 - INFO - Cache hit for route: (12.907877, 77.592391) -> (12.917924, 77.599245)
2025-05-20 13:20:18,894 - INFO - Received route calculation request: source_lat=12.982516 source_lng=77.529095 dest_lat=12.988345 dest_lng=77.508878
2025-05-20 13:20:18,901 - INFO - Checking for cached route with key: a3d30a57bb5b5cafc2150d30b0f64202558aa0111319dbfcbca361155fbe31ec
2025-05-20 13:20:19,904 - INFO - Cache hit for route: (12.982516, 77.529095) -> (12.988345, 77.508878)
2025-05-20 13:24:15,707 - INFO - Received route calculation request: source_lat=12.982157 source_lng=77.598217 dest_lat=12.972791 dest_lng=77.586308
2025-05-20 13:24:15,707 - INFO - Loading graph from file: ./data/simplified_bengaluru.graphml
2025-05-20 13:24:52,967 - INFO - Graph loaded with 152601 nodes and 388165 edges.
2025-05-20 13:24:52,968 - INFO - Extracting subgraph for source=(12.982157, 77.598217), dest=(12.972791, 77.586308)
2025-05-20 13:25:10,209 - INFO - Subgraph extracted with 6953 nodes and 17557 edges.
2025-05-20 13:25:10,249 - INFO - Start node: 429303174, End node: 663311696
2025-05-20 13:25:10,258 - INFO - AmbulanceRouter initialized with graph containing 6953 nodes and 17557 edges.
2025-05-20 13:25:10,258 - INFO - Starting A* search from node 429303174 to node 663311696.
2025-05-20 13:25:10,273 - INFO - A* search completed. Path found: [429303174, 294081383, 5466316467, 2016244606, 663596568, 3641907748, 3641907747, 2014690200, 263155937, 11854384388, 661987313, 11854384389, 3665554480, 10121296056, 12462395646, 663311721, 663311718, 12141911042, 12141911043, 12141911045, 663311696]
2025-05-20 13:25:10,274 - INFO - Calculated path: [429303174, 294081383, 5466316467, 2016244606, 663596568, 3641907748, 3641907747, 2014690200, 263155937, 11854384388, 661987313, 11854384389, 3665554480, 10121296056, 12462395646, 663311721, 663311718, 12141911042, 12141911043, 12141911045, 663311696]
2025-05-20 13:25:10,275 - INFO - Route cached with key: fb1142f01aaaa50cbca74ccaca9747ae43c8714346f76b26ac6a9e0b5c28de98
2025-05-20 13:34:21,775 - INFO - Fetching routes. No predefined routes will be returned.
2025-05-20 13:34:21,791 - INFO - Fetching routes. No predefined routes will be returned.
2025-05-20 13:34:21,826 - INFO - Fetching routes. No predefined routes will be returned.
2025-05-20 13:34:21,826 - INFO - Fetching routes. No predefined routes will be returned.
2025-05-20 13:43:08,461 - INFO - Fetching routes. No predefined routes will be returned.
2025-05-20 13:43:08,461 - INFO - Fetching routes. No predefined routes will be returned.
2025-05-20 13:43:08,470 - INFO - Fetching routes. No predefined routes will be returned.
2025-05-20 13:43:08,474 - INFO - Fetching routes. No predefined routes will be returned.
2025-05-20 13:48:52,658 - INFO - Shutting down application
2025-05-22 10:33:56,610 - INFO - Graph file already exists. Skipping download.
2025-05-22 10:33:56,612 - INFO - Startup complete
2025-05-22 10:34:12,501 - INFO - Fetching routes. No predefined routes will be returned.
2025-05-22 10:34:12,717 - INFO - Fetching routes. No predefined routes will be returned.
2025-05-22 10:34:12,720 - INFO - Fetching routes. No predefined routes will be returned.
2025-05-22 10:34:12,727 - INFO - Fetching routes. No predefined routes will be returned.
2025-05-22 10:34:19,170 - INFO - Received route calculation request: source_lat=12.982157 source_lng=77.598217 dest_lat=12.972791 dest_lng=77.586308
2025-05-22 10:34:19,173 - INFO - Loading graph from file: ./data/simplified_bengaluru.graphml
2025-05-22 10:34:44,828 - INFO - Graph loaded with 152601 nodes and 388165 edges.
2025-05-22 10:34:44,828 - INFO - Extracting subgraph for source=(12.982157, 77.598217), dest=(12.972791, 77.586308)
2025-05-22 10:34:59,256 - INFO - Subgraph extracted with 6953 nodes and 17557 edges.
2025-05-22 10:34:59,337 - INFO - Start node: 429303174, End node: 663311696
2025-05-22 10:34:59,345 - INFO - AmbulanceRouter initialized with graph containing 6953 nodes and 17557 edges.
2025-05-22 10:34:59,345 - INFO - Starting A* search from node 429303174 to node 663311696.
2025-05-22 10:34:59,362 - INFO - A* search completed. Path found: [429303174, 294081383, 5466316467, 2016244606, 663596568, 3641907748, 3641907747, 2014690200, 263155937, 11854384388, 661987313, 11854384389, 3665554480, 10121296056, 12462395646, 663311721, 663311718, 12141911042, 12141911043, 12141911045, 663311696]
2025-05-22 10:34:59,362 - INFO - Calculated path: [429303174, 294081383, 5466316467, 2016244606, 663596568, 3641907748, 3641907747, 2014690200, 263155937, 11854384388, 661987313, 11854384389, 3665554480, 10121296056, 12462395646, 663311721, 663311718, 12141911042, 12141911043, 12141911045, 663311696]
2025-05-22 10:34:59,362 - INFO - Route cached with key: fb1142f01aaaa50cbca74ccaca9747ae43c8714346f76b26ac6a9e0b5c28de98
2025-05-22 12:08:57,750 - INFO - Fetching routes. No predefined routes will be returned.
2025-05-22 12:09:02,699 - INFO - Fetching routes. No predefined routes will be returned.
2025-05-22 12:09:02,702 - INFO - Fetching routes. No predefined routes will be returned.
2025-05-22 12:09:02,705 - INFO - Fetching routes. No predefined routes will be returned.
2025-05-22 12:09:02,708 - INFO - Fetching routes. No predefined routes will be returned.
2025-05-22 12:09:17,307 - INFO - Received route calculation request: source_lat=12.982516 source_lng=77.529095 dest_lat=12.988345 dest_lng=77.508878
2025-05-22 12:09:17,314 - INFO - Loading graph from file: ./data/simplified_bengaluru.graphml
2025-05-22 12:09:50,945 - INFO - Graph loaded with 152601 nodes and 388165 edges.
2025-05-22 12:09:50,945 - INFO - Extracting subgraph for source=(12.982516, 77.529095), dest=(12.988345, 77.508878)
2025-05-22 12:10:01,342 - INFO - Subgraph extracted with 11298 nodes and 30865 edges.
2025-05-22 12:10:01,398 - INFO - Start node: 1546936999, End node: 1719192044
2025-05-22 12:10:01,405 - INFO - AmbulanceRouter initialized with graph containing 11298 nodes and 30865 edges.
2025-05-22 12:10:01,405 - INFO - Starting A* search from node 1546936999 to node 1719192044.
2025-05-22 12:10:01,441 - INFO - A* search completed. Path found: [1546936999, 10039092485, 2227153680, 4696742592, 10038744981, 11868291763, 4696742590, 10038653644, 4696742486, 10038760749, 4696742484, 11868532437, 4696742481, 10039378356, 4696742474, 10077641806, 3530520847, 9192285822, 4696742468, 10039092448, 10039131920, 11868292089, 4700187780, 1719191865, 4697257910, 12607355193, 4692323187, 4692323186, 4692323185, 6142999388, 9771052411, 1557381555, 2224822171, 1719192044]
2025-05-22 12:10:01,441 - INFO - Calculated path: [1546936999, 10039092485, 2227153680, 4696742592, 10038744981, 11868291763, 4696742590, 10038653644, 4696742486, 10038760749, 4696742484, 11868532437, 4696742481, 10039378356, 4696742474, 10077641806, 3530520847, 9192285822, 4696742468, 10039092448, 10039131920, 11868292089, 4700187780, 1719191865, 4697257910, 12607355193, 4692323187, 4692323186, 4692323185, 6142999388, 9771052411, 1557381555, 2224822171, 1719192044]
2025-05-22 12:10:01,441 - INFO - Route cached with key: a3d30a57bb5b5cafc2150d30b0f64202558aa0111319dbfcbca361155fbe31ec
2025-05-22 12:45:55,349 - INFO - Fetching routes. No predefined routes will be returned.
2025-05-22 12:45:55,380 - INFO - Fetching routes. No predefined routes will be returned.
2025-05-22 12:45:55,383 - INFO - Fetching routes. No predefined routes will be returned.
2025-05-22 12:45:55,387 - INFO - Fetching routes. No predefined routes will be returned.
2025-05-22 12:46:02,369 - INFO - Received route calculation request: source_lat=12.982516 source_lng=77.529095 dest_lat=12.988345 dest_lng=77.508878
2025-05-22 12:46:02,382 - INFO - Checking for cached route with key: a3d30a57bb5b5cafc2150d30b0f64202558aa0111319dbfcbca361155fbe31ec
2025-05-22 12:46:03,383 - INFO - Cache hit for route: (12.982516, 77.529095) -> (12.988345, 77.508878)
2025-05-22 12:50:20,580 - INFO - Shutting down application
2025-05-22 12:50:39,926 - INFO - Graph file already exists. Skipping download.
2025-05-22 12:50:39,926 - INFO - Startup complete
2025-05-22 12:51:06,474 - INFO - Shutting down application
2025-05-22 12:52:41,664 - INFO - Graph file already exists. Skipping download.
2025-05-22 12:52:41,665 - INFO - Startup complete
2025-05-22 12:52:42,843 - INFO - Processing proximity: Sumanahalli Junction - 114.85626294828471m
2025-05-22 12:52:42,844 - INFO - Selected signal 1285913198 to set green.
2025-05-22 12:52:42,846 - INFO - Processing proximity: Unnamed - 74.69556808785859m
2025-05-22 12:52:42,846 - INFO - Selected signal 1719191867 to set green.
2025-05-22 12:52:42,848 - INFO - Processing proximity: Sumanahalli Junction - 98.00042179175553m
2025-05-22 12:52:42,848 - INFO - Selected signal 4692331556 to set green.
2025-05-22 12:52:42,848 - INFO - Processing proximity: Sumanahalli Junction - 21.472961024133166m
2025-05-22 12:52:42,848 - INFO - Selected signal 12607355194 to set green.
2025-05-22 13:06:41,888 - INFO - Processing proximity: Unnamed - 19.239266349943748m
2025-05-22 13:06:41,889 - INFO - Selected signal 308184600 to set green.
2025-05-22 13:06:41,891 - INFO - Processing proximity: Unnamed - 11.112954148102782m
2025-05-22 13:06:41,891 - INFO - Selected signal 3982070777 to set green.
2025-05-22 13:06:41,900 - INFO - Processing proximity: Unnamed - 15.703379499362285m
2025-05-22 13:06:41,915 - INFO - Selected signal 4692323186 to set green.
2025-05-22 13:06:41,921 - INFO - Processing proximity: Unnamed - 0m
2025-05-22 13:06:41,923 - INFO - Selected signal 4692323187 to set green.
2025-05-22 13:07:39,999 - INFO - Processing proximity: Unnamed - 11.1129540218088m
2025-05-22 13:07:40,064 - INFO - Selected signal 308184600 to set green.
2025-05-22 13:07:40,067 - INFO - Processing proximity: Unnamed - 19.236377148718596m
2025-05-22 13:07:40,069 - INFO - Selected signal 3982070777 to set green.
2025-05-22 13:07:40,094 - INFO - Processing proximity: Unnamed - 0m
2025-05-22 13:07:40,096 - INFO - Selected signal 4692323186 to set green.
2025-05-22 13:07:40,100 - INFO - Processing proximity: Unnamed - 15.703379499362285m
2025-05-22 13:07:40,100 - INFO - Selected signal 4692323187 to set green.
2025-05-22 13:07:52,580 - INFO - Processing proximity: Unnamed - 94.39811409155249m
2025-05-22 13:07:52,595 - INFO - Selected signal 308184600 to set green.
2025-05-22 13:07:52,606 - INFO - Processing proximity: Unnamed - 110.05364937171852m
2025-05-22 13:07:52,611 - INFO - Selected signal 3982070777 to set green.
2025-05-22 13:07:52,622 - INFO - Processing proximity: Unnamed - 94.11771344341064m
2025-05-22 13:07:52,647 - INFO - Selected signal 4692323186 to set green.
2025-05-22 13:07:52,654 - INFO - Processing proximity: Unnamed - 109.81348965051758m
2025-05-22 13:07:52,655 - INFO - Selected signal 4692323187 to set green.
2025-05-25 23:29:35,881 - INFO - Graph file already exists. Skipping download.
2025-05-25 23:29:35,881 - INFO - Startup complete
2025-05-25 23:35:27,605 - INFO - Fetching routes. No predefined routes will be returned.
2025-05-25 23:35:27,654 - INFO - Fetching routes. No predefined routes will be returned.
2025-05-25 23:36:28,345 - INFO - Received route calculation request: source_lat=12.907877 source_lng=77.592391 dest_lat=12.917924 dest_lng=77.599245
2025-05-25 23:36:28,345 - INFO - Loading graph from file: ./data/simplified_bengaluru.graphml
2025-05-25 23:36:55,496 - INFO - Graph loaded with 152601 nodes and 388165 edges.
2025-05-25 23:36:55,496 - INFO - Extracting subgraph for source=(12.907877, 77.592391), dest=(12.917924, 77.599245)
2025-05-25 23:37:05,408 - INFO - Subgraph extracted with 7853 nodes and 19920 edges.
2025-05-25 23:37:05,526 - INFO - Start node: 309595529, End node: 309601327
2025-05-25 23:37:05,535 - INFO - AmbulanceRouter initialized with graph containing 7853 nodes and 19920 edges.
2025-05-25 23:37:05,542 - INFO - Starting A* search from node 309595529 to node 309601327.
2025-05-25 23:37:05,597 - INFO - A* search completed. Path found: [309595529, 309594757, 309594790, 309594787, 309594780, 309594605, 5354313551, 5354313552, 308473341, 362550614, 362557185, 309595499, 12229802213, 308468454, 3221380827, 308468333, 308466202, 305154750, 2550219088, 308465071, 308465041, 308464917, 308464715, 12165241795, 10123822794, 10123822792, 10123822793, 2544569077, 3902482901, 309600799, 309600804, 4397429402, 12459218188, 308464484, 309600930, 309601046, 309601079, 247974980, 309601396, 309601344, 309601327]
2025-05-25 23:37:05,597 - INFO - Calculated path: [309595529, 309594757, 309594790, 309594787, 309594780, 309594605, 5354313551, 5354313552, 308473341, 362550614, 362557185, 309595499, 12229802213, 308468454, 3221380827, 308468333, 308466202, 305154750, 2550219088, 308465071, 308465041, 308464917, 308464715, 12165241795, 10123822794, 10123822792, 10123822793, 2544569077, 3902482901, 309600799, 309600804, 4397429402, 12459218188, 308464484, 309600930, 309601046, 309601079, 247974980, 309601396, 309601344, 309601327]
2025-05-25 23:37:05,597 - INFO - Route cached with key: 984fb790c608a1a690a6db091f813928625ef242b188a8fdb885369c0a9c68dc
2025-05-25 23:37:27,728 - INFO - Processing proximity: Unnamed - 70.84510452699537m
2025-05-25 23:37:27,732 - INFO - Selected signal 309595499 to set green.
2025-05-25 23:37:27,737 - INFO - Processing proximity: Unnamed - 71.27878533496798m
2025-05-25 23:37:27,738 - INFO - Selected signal 5354313548 to set green.
2025-05-25 23:37:47,231 - INFO - Processing proximity: Unnamed - 0m
2025-05-25 23:37:47,233 - INFO - Selected signal 309595499 to set green.
2025-05-25 23:37:47,238 - INFO - Processing proximity: Unnamed - 5.092912168549428m
2025-05-25 23:37:47,240 - INFO - Selected signal 5354313548 to set green.
2025-05-25 23:37:54,862 - INFO - Processing proximity: Unnamed - 15.439186448387161m
2025-05-25 23:37:54,862 - INFO - Selected signal 305154536 to set green.
2025-05-25 23:37:54,862 - INFO - Processing proximity: Unnamed - 13.248441755458758m
2025-05-25 23:37:54,862 - INFO - Selected signal 5354313587 to set green.
2025-05-25 23:37:54,875 - INFO - Processing proximity: Unnamed - 12.353703114996787m
2025-05-25 23:37:54,876 - INFO - Selected signal 5354313589 to set green.
2025-05-25 23:37:54,881 - INFO - Processing proximity: Unnamed - 9.430581927372602m
2025-05-25 23:37:54,882 - INFO - Selected signal 5354313590 to set green.
2025-05-25 23:38:33,745 - INFO - Processing proximity: Unnamed - 98.74282932594937m
2025-05-25 23:38:33,748 - INFO - Selected signal 5354313604 to set green.
2025-05-25 23:38:33,751 - INFO - Processing proximity: Unnamed - 128.6238392307535m
2025-05-25 23:38:33,760 - INFO - Selected signal 7287571768 to set green.
2025-05-25 23:38:33,772 - INFO - Processing proximity: Unnamed - 121.58403377166765m
2025-05-25 23:38:33,774 - INFO - Selected signal 12492308147 to set green.
2025-05-25 23:38:33,782 - INFO - Processing proximity: Unnamed - 110.61008969546732m
2025-05-25 23:38:33,782 - INFO - Selected signal 12492308150 to set green.
2025-05-25 23:39:46,992 - INFO - Processing proximity: Unnamed - 10.659225867254516m
2025-05-25 23:39:46,993 - INFO - Selected signal 249075975 to set green.
2025-05-25 23:39:46,996 - INFO - Processing proximity: Unnamed - 25.600508379082033m
2025-05-25 23:39:46,996 - INFO - Selected signal 7287571767 to set green.
2025-05-25 23:39:46,999 - INFO - Processing proximity: Unnamed - 13.11925655337534m
2025-05-25 23:39:47,001 - INFO - Selected signal 12459218189 to set green.
2025-05-25 23:39:47,006 - INFO - Processing proximity: Unnamed - 13.775510142336909m
2025-05-25 23:39:47,008 - INFO - Selected signal 12459218190 to set green.
2025-05-26 01:34:46,812 - INFO - Fetching routes. No predefined routes will be returned.
2025-05-26 01:34:46,867 - INFO - Fetching routes. No predefined routes will be returned.
2025-05-26 01:35:02,615 - INFO - Received route calculation request: source_lat=12.982516 source_lng=77.529095 dest_lat=12.988345 dest_lng=77.508878
2025-05-26 01:35:02,618 - INFO - Loading graph from file: ./data/simplified_bengaluru.graphml
2025-05-26 01:36:12,151 - INFO - Graph loaded with 152601 nodes and 388165 edges.
2025-05-26 01:36:12,158 - INFO - Extracting subgraph for source=(12.982516, 77.529095), dest=(12.988345, 77.508878)
2025-05-26 01:36:27,418 - INFO - Subgraph extracted with 11298 nodes and 30865 edges.
2025-05-26 01:36:27,590 - INFO - Start node: 1546936999, End node: 1719192044
2025-05-26 01:36:27,607 - INFO - AmbulanceRouter initialized with graph containing 11298 nodes and 30865 edges.
2025-05-26 01:36:27,608 - INFO - Starting A* search from node 1546936999 to node 1719192044.
2025-05-26 01:36:27,722 - INFO - A* search completed. Path found: [1546936999, 10039092485, 2227153680, 4696742592, 10038744981, 11868291763, 4696742590, 10038653644, 4696742486, 10038760749, 4696742484, 11868532437, 4696742481, 10039378356, 4696742474, 10077641806, 3530520847, 9192285822, 4696742468, 10039092448, 10039131920, 11868292089, 4700187780, 1719191865, 4697257910, 12607355193, 4692323187, 4692323186, 4692323185, 6142999388, 9771052411, 1557381555, 2224822171, 1719192044]
2025-05-26 01:36:27,722 - INFO - Calculated path: [1546936999, 10039092485, 2227153680, 4696742592, 10038744981, 11868291763, 4696742590, 10038653644, 4696742486, 10038760749, 4696742484, 11868532437, 4696742481, 10039378356, 4696742474, 10077641806, 3530520847, 9192285822, 4696742468, 10039092448, 10039131920, 11868292089, 4700187780, 1719191865, 4697257910, 12607355193, 4692323187, 4692323186, 4692323185, 6142999388, 9771052411, 1557381555, 2224822171, 1719192044]
2025-05-26 01:36:27,722 - INFO - Route cached with key: a3d30a57bb5b5cafc2150d30b0f64202558aa0111319dbfcbca361155fbe31ec
2025-05-26 01:40:40,211 - INFO - Processing proximity: Sumanahalli Junction - 132.69518004294224m
2025-05-26 01:40:40,226 - INFO - Selected signal 12607355194 to set green.
2025-05-26 01:44:25,473 - INFO - Processing proximity: Sumanahalli Junction - 114.85626294828471m
2025-05-26 01:44:25,475 - INFO - Selected signal 1285913198 to set green.
2025-05-26 01:44:25,475 - INFO - Processing proximity: Unnamed - 74.69556808785859m
2025-05-26 01:44:25,503 - INFO - Selected signal 1719191867 to set green.
2025-05-26 01:44:25,510 - INFO - Processing proximity: Sumanahalli Junction - 98.00042179175553m
2025-05-26 01:44:25,528 - INFO - Selected signal 4692331556 to set green.
2025-05-26 01:44:25,537 - INFO - Processing proximity: Sumanahalli Junction - 21.472961024133166m
2025-05-26 01:44:25,537 - INFO - Selected signal 12607355194 to set green.
2025-05-26 01:46:16,102 - INFO - Processing proximity: Sumanahalli Junction - 114.85626294828471m
2025-05-26 01:46:16,105 - INFO - Selected signal 1285913198 to set green.
2025-05-26 01:46:16,109 - INFO - Processing proximity: Unnamed - 74.69556808785859m
2025-05-26 01:46:16,109 - INFO - Selected signal 1719191867 to set green.
2025-05-26 01:46:16,123 - INFO - Processing proximity: Sumanahalli Junction - 98.00042179175553m
2025-05-26 01:46:16,127 - INFO - Selected signal 4692331556 to set green.
2025-05-26 01:46:16,127 - INFO - Processing proximity: Sumanahalli Junction - 21.472961024133166m
2025-05-26 01:46:16,130 - INFO - Selected signal 12607355194 to set green.
2025-05-26 01:57:03,675 - INFO - Processing proximity: Sumanahalli Junction - 114.85626294828471m
2025-05-26 01:57:03,677 - INFO - Selected signal 1285913198 to set green.
2025-05-26 01:57:03,695 - INFO - Processing proximity: Unnamed - 74.69556808785859m
2025-05-26 01:57:03,699 - INFO - Selected signal 1719191867 to set green.
2025-05-26 01:57:03,712 - INFO - Processing proximity: Sumanahalli Junction - 98.00042179175553m
2025-05-26 01:57:03,715 - INFO - Selected signal 4692331556 to set green.
2025-05-26 01:57:03,721 - INFO - Processing proximity: Sumanahalli Junction - 21.472961024133166m
2025-05-26 01:57:03,724 - INFO - Selected signal 12607355194 to set green.
2025-05-26 15:16:45,768 - INFO - Graph file already exists. Skipping download.
2025-05-26 15:16:45,769 - INFO - Startup complete
2025-05-26 15:16:59,781 - INFO - Fetching routes. No predefined routes will be returned.
2025-05-26 15:16:59,782 - INFO - Fetching routes. No predefined routes will be returned.
2025-05-26 15:17:12,402 - INFO - Received route calculation request: source_lat=12.982516 source_lng=77.529095 dest_lat=12.988345 dest_lng=77.508878
2025-05-26 15:17:12,403 - INFO - Loading graph from file: ./data/simplified_bengaluru.graphml
2025-05-26 15:17:55,140 - INFO - Graph loaded with 152601 nodes and 388165 edges.
2025-05-26 15:17:55,140 - INFO - Extracting subgraph for source=(12.982516, 77.529095), dest=(12.988345, 77.508878)
2025-05-26 15:18:09,082 - INFO - Subgraph extracted with 11298 nodes and 30865 edges.
2025-05-26 15:18:09,218 - INFO - Start node: 1546936999, End node: 1719192044
2025-05-26 15:18:09,241 - INFO - AmbulanceRouter initialized with graph containing 11298 nodes and 30865 edges.
2025-05-26 15:18:09,249 - INFO - Starting A* search from node 1546936999 to node 1719192044.
2025-05-26 15:18:09,358 - INFO - A* search completed. Path found: [1546936999, 10039092485, 2227153680, 4696742592, 10038744981, 11868291763, 4696742590, 10038653644, 4696742486, 10038760749, 4696742484, 11868532437, 4696742481, 10039378356, 4696742474, 10077641806, 3530520847, 9192285822, 4696742468, 10039092448, 10039131920, 11868292089, 4700187780, 1719191865, 4697257910, 12607355193, 4692323187, 4692323186, 4692323185, 6142999388, 9771052411, 1557381555, 2224822171, 1719192044]
2025-05-26 15:18:09,358 - INFO - Calculated path: [1546936999, 10039092485, 2227153680, 4696742592, 10038744981, 11868291763, 4696742590, 10038653644, 4696742486, 10038760749, 4696742484, 11868532437, 4696742481, 10039378356, 4696742474, 10077641806, 3530520847, 9192285822, 4696742468, 10039092448, 10039131920, 11868292089, 4700187780, 1719191865, 4697257910, 12607355193, 4692323187, 4692323186, 4692323185, 6142999388, 9771052411, 1557381555, 2224822171, 1719192044]
2025-05-26 15:18:09,358 - INFO - Route cached with key: a3d30a57bb5b5cafc2150d30b0f64202558aa0111319dbfcbca361155fbe31ec
2025-05-26 15:18:17,085 - INFO - Received route calculation request: source_lat=12.982516 source_lng=77.529095 dest_lat=12.988345 dest_lng=77.508878
2025-05-26 15:18:17,087 - INFO - Checking for cached route with key: a3d30a57bb5b5cafc2150d30b0f64202558aa0111319dbfcbca361155fbe31ec
2025-05-26 15:18:18,088 - INFO - Cache hit for route: (12.982516, 77.529095) -> (12.988345, 77.508878)
2025-05-26 15:23:17,183 - INFO - Processing proximity: Sumanahalli Junction - 114.85626294828471m
2025-05-26 15:23:17,187 - INFO - Selected signal 1285913198 to set green.
2025-05-26 15:23:19,232 - INFO - Processing proximity: Unnamed - 74.69556808785859m
2025-05-26 15:23:19,233 - INFO - Selected signal 1719191867 to set green.
2025-05-26 15:23:21,305 - INFO - Processing proximity: Sumanahalli Junction - 98.00042179175553m
2025-05-26 15:23:21,305 - INFO - Selected signal 4692331556 to set green.
2025-05-26 15:23:23,314 - INFO - Processing proximity: Sumanahalli Junction - 21.472961024133166m
2025-05-26 15:23:23,315 - INFO - Selected signal 12607355194 to set green.
2025-05-26 15:23:25,337 - INFO - Processing proximity: Sumanahalli Junction - 98.00042179175553m
2025-05-26 15:23:25,344 - INFO - Selected signal 4692331556 to set green.
2025-05-26 15:23:27,429 - INFO - Processing proximity: Sumanahalli Junction - 21.472961024133166m
2025-05-26 15:23:27,429 - INFO - Selected signal 12607355194 to set green.
2025-05-26 15:23:29,441 - INFO - Processing proximity: Sumanahalli Junction - 114.85626294828471m
2025-05-26 15:23:29,441 - INFO - Selected signal 1285913198 to set green.
2025-05-26 15:23:31,467 - INFO - Processing proximity: Unnamed - 74.69556808785859m
2025-05-26 15:23:31,469 - INFO - Selected signal 1719191867 to set green.
2025-05-26 15:55:34,367 - INFO - Fetching routes. No predefined routes will be returned.
2025-05-26 15:55:34,379 - INFO - Fetching routes. No predefined routes will be returned.
2025-05-26 15:56:39,227 - INFO - Fetching routes. No predefined routes will be returned.
2025-05-26 15:56:39,230 - INFO - Fetching routes. No predefined routes will be returned.
2025-05-26 16:27:52,285 - INFO - Received route calculation request: source_lat=12.982516 source_lng=77.529095 dest_lat=12.988345 dest_lng=77.508878
2025-05-26 16:27:52,285 - INFO - Checking for cached route with key: a3d30a57bb5b5cafc2150d30b0f64202558aa0111319dbfcbca361155fbe31ec
2025-05-26 16:27:53,287 - INFO - Cache hit for route: (12.982516, 77.529095) -> (12.988345, 77.508878)
2025-05-26 16:28:14,661 - INFO - Processing proximity: Sumanahalli Junction - 132.69518004294224m
2025-05-26 16:28:14,775 - INFO - Selected signal 12607355194 to set green.
2025-05-26 16:52:01,714 - INFO - Shutting down application
2025-05-26 16:52:12,908 - INFO - Graph file already exists. Skipping download.
2025-05-26 16:52:12,908 - INFO - Startup complete
2025-05-26 16:52:23,410 - INFO - Received route calculation request: source_lat=12.982516 source_lng=77.529095 dest_lat=12.988345 dest_lng=77.508878
2025-05-26 16:52:23,411 - INFO - Loading graph from file: ./data/simplified_bengaluru.graphml
2025-05-26 16:52:47,564 - INFO - Graph loaded with 152601 nodes and 388165 edges.
2025-05-26 16:52:47,564 - INFO - Extracting subgraph for source=(12.982516, 77.529095), dest=(12.988345, 77.508878)
2025-05-26 16:52:58,488 - INFO - Subgraph extracted with 11298 nodes and 30865 edges.
2025-05-26 16:52:58,559 - INFO - Start node: 1546936999, End node: 1719192044
2025-05-26 16:52:58,573 - INFO - AmbulanceRouter initialized with graph containing 11298 nodes and 30865 edges.
2025-05-26 16:52:58,574 - INFO - Starting A* search from node 1546936999 to node 1719192044.
2025-05-26 16:52:58,633 - INFO - A* search completed. Path found: [1546936999, 10039092485, 2227153680, 4696742592, 10038744981, 11868291763, 4696742590, 10038653644, 4696742486, 10038760749, 4696742484, 11868532437, 4696742481, 10039378356, 4696742474, 10077641806, 3530520847, 9192285822, 4696742468, 10039092448, 10039131920, 11868292089, 4700187780, 1719191865, 4697257910, 12607355193, 4692323187, 4692323186, 4692323185, 6142999388, 9771052411, 1557381555, 2224822171, 1719192044]
2025-05-26 16:52:58,635 - INFO - Calculated path: [1546936999, 10039092485, 2227153680, 4696742592, 10038744981, 11868291763, 4696742590, 10038653644, 4696742486, 10038760749, 4696742484, 11868532437, 4696742481, 10039378356, 4696742474, 10077641806, 3530520847, 9192285822, 4696742468, 10039092448, 10039131920, 11868292089, 4700187780, 1719191865, 4697257910, 12607355193, 4692323187, 4692323186, 4692323185, 6142999388, 9771052411, 1557381555, 2224822171, 1719192044]
2025-05-26 16:52:58,635 - INFO - Route cached with key: a3d30a57bb5b5cafc2150d30b0f64202558aa0111319dbfcbca361155fbe31ec
2025-05-29 13:23:33,823 - INFO - Graph file already exists. Skipping download.
2025-05-29 13:23:33,827 - INFO - Startup complete
2025-05-29 13:35:59,104 - INFO - Fetching routes. No predefined routes will be returned.
2025-05-29 13:35:59,110 - INFO - Fetching routes. No predefined routes will be returned.
2025-05-29 13:36:07,646 - INFO - Received route calculation request: source_lat=12.982516 source_lng=77.529095 dest_lat=12.988345 dest_lng=77.508878
2025-05-29 13:36:07,651 - INFO - Loading graph from file: ./data/simplified_bengaluru.graphml
2025-05-29 13:36:30,601 - INFO - Graph loaded with 152601 nodes and 388165 edges.
2025-05-29 13:36:30,601 - INFO - Extracting subgraph for source=(12.982516, 77.529095), dest=(12.988345, 77.508878)
2025-05-29 13:36:40,160 - INFO - Subgraph extracted with 11298 nodes and 30865 edges.
2025-05-29 13:36:40,284 - INFO - Start node: 1546936999, End node: 1719192044
2025-05-29 13:36:40,293 - INFO - AmbulanceRouter initialized with graph containing 11298 nodes and 30865 edges.
2025-05-29 13:36:40,293 - INFO - Starting A* search from node 1546936999 to node 1719192044.
2025-05-29 13:36:40,334 - INFO - A* search completed. Path found: [1546936999, 10039092485, 2227153680, 4696742592, 10038744981, 11868291763, 4696742590, 10038653644, 4696742486, 10038760749, 4696742484, 11868532437, 4696742481, 10039378356, 4696742474, 10077641806, 3530520847, 9192285822, 4696742468, 10039092448, 10039131920, 11868292089, 4700187780, 1719191865, 4697257910, 12607355193, 4692323187, 4692323186, 4692323185, 6142999388, 9771052411, 1557381555, 2224822171, 1719192044]
2025-05-29 13:36:40,334 - INFO - Calculated path: [1546936999, 10039092485, 2227153680, 4696742592, 10038744981, 11868291763, 4696742590, 10038653644, 4696742486, 10038760749, 4696742484, 11868532437, 4696742481, 10039378356, 4696742474, 10077641806, 3530520847, 9192285822, 4696742468, 10039092448, 10039131920, 11868292089, 4700187780, 1719191865, 4697257910, 12607355193, 4692323187, 4692323186, 4692323185, 6142999388, 9771052411, 1557381555, 2224822171, 1719192044]
2025-05-29 13:36:40,334 - INFO - Route cached with key: a3d30a57bb5b5cafc2150d30b0f64202558aa0111319dbfcbca361155fbe31ec
2025-05-29 13:37:32,152 - INFO - Processing proximity: Sumanahalli Junction - 132.69518004294224m
2025-05-29 13:37:32,152 - INFO - Selected signal 12607355194 to set green.
2025-05-29 13:53:59,060 - INFO - Processing proximity: Sumanahalli Junction - 132.69518004294224m
2025-05-29 13:53:59,060 - INFO - Selected signal 12607355194 to set green.
2025-05-29 13:59:31,311 - INFO - Received route calculation request: source_lat=12.982516 source_lng=77.529095 dest_lat=12.917924 dest_lng=77.599245
2025-05-29 13:59:31,312 - INFO - Loading graph from file: ./data/simplified_bengaluru.graphml
2025-05-29 14:00:07,511 - INFO - Graph loaded with 152601 nodes and 388165 edges.
2025-05-29 14:00:07,511 - INFO - Extracting subgraph for source=(12.982516, 77.529095), dest=(12.917924, 77.599245)
2025-05-29 14:00:27,461 - INFO - Subgraph extracted with 40686 nodes and 108562 edges.
2025-05-29 14:00:27,864 - INFO - Start node: 1546936999, End node: 309601327
2025-05-29 14:00:27,916 - INFO - AmbulanceRouter initialized with graph containing 40686 nodes and 108562 edges.
2025-05-29 14:00:27,917 - INFO - Starting A* search from node 1546936999 to node 309601327.
2025-05-29 14:00:28,972 - INFO - A* search completed. Path found: [1546936999, 1546937168, 10039092506, 1546937139, 4696742599, 6196098258, 1525703845, 1525703889, 1525703962, 1525703868, 1520808638, 1525689318, 1525689291, 308069212, 1525689421, 1525689367, 458156889, 12441856469, 9161008262, 2227310402, 1512330956, 6194313243, 1524649926, 1524589706, 1524589746, 1524591230, 286681113, 2227310396, 1524488989, 1524489126, 1524489080, 1524489156, 1524489065, 286681212, 10041174611, 10042440753, 10041174546, 1524489082, 10042440811, 1523290296, 12068481108, 12068481109, 11868458687, 725235265, 9992188464, 9192226790, 9192226795, 10042406594, 10254845268, 10042406591, 5265634973, 1520838905, 3820268530, 249084518, 1520838648, 12759058196, 1521036398, 1520838944, 10060383871, 1521036625, 10060383858, 10060383856, 1521036349, 10060383854, 1521036766, 1521036750, 9192226797, 1512688575, 1512688558, 1521036494, 10044622843, 10044622840, 4703697696, 2402397430, 1820423092, 10044505582, 4380549652, 4380549648, 4380549636, 429726445, 429726441, 456156813, 10026312518, 456181317, 456181343, 429726429, 4126165206, 10026487886, 456181383, 429726447, 456156779, 10026475113, 456156712, 429726440, 10026487822, 456156761, 10026487823, 429726449, 456156693, 429726450, 12153036686, 12153028221, 12153028220, 12153021259, 10026487871, 11192618962, 456156806, 429001230, 320647365, 249076473, 429001197, 1668866520, 249076475, 10024019110, 1837339202, 9784652772, 11204213155, 1277414207, 10023965476, 10023965468, 1277414257, 249138305, 341147234, 249137930, 10026296303, 249138001, 249138003, 249136557, 2228006110, 246171016, 10023965560, 2227865276, 10023965562, 10839560938, 2227865271, 249138996, 248525413, 249136163, 10026235546, 10839583418, 1276378414, 1276378434, 248525401, 1276378544, 248525402, 428457157, 428457159, 428457162, 2177302381, 2177302391, 2177302374, 2177302408, 12181937934, 2177302397, 2177302398, 2723746984, 2723747018, 2177268801, 2177268817, 2177268752, 2177268762, 3417778234, 2177302370, 2177268767, 2526071425, 577940753, 2227865026, 2177268811, 2017901960, 306601726, 306601671, 306601731, 2017901929, 2017901926, 306591000, 9375483662, 12153431515, 247991553, 7291335557, 247991552, 308717471, 1516143504, 3161221428, 3161221431, 6152798252, 3161221422, 1468035298, 303926963, 11919366122, 2317410827, 494238127, 309601327]
2025-05-29 14:00:28,972 - INFO - Calculated path: [1546936999, 1546937168, 10039092506, 1546937139, 4696742599, 6196098258, 1525703845, 1525703889, 1525703962, 1525703868, 1520808638, 1525689318, 1525689291, 308069212, 1525689421, 1525689367, 458156889, 12441856469, 9161008262, 2227310402, 1512330956, 6194313243, 1524649926, 1524589706, 1524589746, 1524591230, 286681113, 2227310396, 1524488989, 1524489126, 1524489080, 1524489156, 1524489065, 286681212, 10041174611, 10042440753, 10041174546, 1524489082, 10042440811, 1523290296, 12068481108, 12068481109, 11868458687, 725235265, 9992188464, 9192226790, 9192226795, 10042406594, 10254845268, 10042406591, 5265634973, 1520838905, 3820268530, 249084518, 1520838648, 12759058196, 1521036398, 1520838944, 10060383871, 1521036625, 10060383858, 10060383856, 1521036349, 10060383854, 1521036766, 1521036750, 9192226797, 1512688575, 1512688558, 1521036494, 10044622843, 10044622840, 4703697696, 2402397430, 1820423092, 10044505582, 4380549652, 4380549648, 4380549636, 429726445, 429726441, 456156813, 10026312518, 456181317, 456181343, 429726429, 4126165206, 10026487886, 456181383, 429726447, 456156779, 10026475113, 456156712, 429726440, 10026487822, 456156761, 10026487823, 429726449, 456156693, 429726450, 12153036686, 12153028221, 12153028220, 12153021259, 10026487871, 11192618962, 456156806, 429001230, 320647365, 249076473, 429001197, 1668866520, 249076475, 10024019110, 1837339202, 9784652772, 11204213155, 1277414207, 10023965476, 10023965468, 1277414257, 249138305, 341147234, 249137930, 10026296303, 249138001, 249138003, 249136557, 2228006110, 246171016, 10023965560, 2227865276, 10023965562, 10839560938, 2227865271, 249138996, 248525413, 249136163, 10026235546, 10839583418, 1276378414, 1276378434, 248525401, 1276378544, 248525402, 428457157, 428457159, 428457162, 2177302381, 2177302391, 2177302374, 2177302408, 12181937934, 2177302397, 2177302398, 2723746984, 2723747018, 2177268801, 2177268817, 2177268752, 2177268762, 3417778234, 2177302370, 2177268767, 2526071425, 577940753, 2227865026, 2177268811, 2017901960, 306601726, 306601671, 306601731, 2017901929, 2017901926, 306591000, 9375483662, 12153431515, 247991553, 7291335557, 247991552, 308717471, 1516143504, 3161221428, 3161221431, 6152798252, 3161221422, 1468035298, 303926963, 11919366122, 2317410827, 494238127, 309601327]
2025-05-29 14:00:28,975 - INFO - Route cached with key: 7ca203e872b20eafe1f02de1d0cec40bc9a981e1ce95c09ec95f8a52c2663be1
2025-05-29 15:07:50,555 - INFO - Fetching routes. No predefined routes will be returned.
2025-05-29 15:07:50,569 - INFO - Fetching routes. No predefined routes will be returned.
2025-05-29 15:08:30,120 - INFO - Received route calculation request: source_lat=12.982516 source_lng=77.529095 dest_lat=12.988345 dest_lng=77.508878
2025-05-29 15:08:30,120 - INFO - Checking for cached route with key: a3d30a57bb5b5cafc2150d30b0f64202558aa0111319dbfcbca361155fbe31ec
2025-05-29 15:08:31,127 - INFO - Cache hit for route: (12.982516, 77.529095) -> (12.988345, 77.508878)
2025-05-29 15:16:37,514 - INFO - Processing proximity: Sumanahalli Junction - 132.69518004294224m
2025-05-29 15:16:37,516 - INFO - Selected signal 12607355194 to set green.
2025-05-29 15:18:04,719 - INFO - Processing proximity: Sumanahalli Junction - 114.85626294828471m
2025-05-29 15:18:04,720 - INFO - Selected signal 1285913198 to set green.
2025-05-29 15:18:05,231 - INFO - Processing proximity: Unnamed - 74.69556808785859m
2025-05-29 15:18:05,233 - INFO - Selected signal 1719191867 to set green.
2025-05-29 15:18:05,356 - INFO - Processing proximity: Sumanahalli Junction - 98.00042179175553m
2025-05-29 15:18:05,357 - INFO - Selected signal 4692331556 to set green.
2025-05-29 15:18:05,393 - INFO - Processing proximity: Sumanahalli Junction - 21.472961024133166m
2025-05-29 15:18:05,393 - INFO - Selected signal 12607355194 to set green.
2025-05-29 15:18:36,036 - INFO - Processing proximity: Sumanahalli Junction - 114.85626294828471m
2025-05-29 15:18:36,038 - INFO - Selected signal 1285913198 to set green.
2025-05-29 15:18:36,301 - INFO - Processing proximity: Unnamed - 74.69556808785859m
2025-05-29 15:18:36,310 - INFO - Selected signal 1719191867 to set green.
2025-05-29 15:18:36,488 - INFO - Processing proximity: Sumanahalli Junction - 98.00042179175553m
2025-05-29 15:18:36,490 - INFO - Selected signal 4692331556 to set green.
2025-05-29 15:18:36,695 - INFO - Processing proximity: Sumanahalli Junction - 21.472961024133166m
2025-05-29 15:18:36,696 - INFO - Selected signal 12607355194 to set green.
2025-05-29 15:19:51,423 - INFO - Processing proximity: Unnamed - 19.239266349943748m
2025-05-29 15:19:51,423 - INFO - Selected signal 308184600 to set green.
2025-05-29 15:19:52,644 - INFO - Processing proximity: Unnamed - 11.112954148102782m
2025-05-29 15:19:52,645 - INFO - Selected signal 3982070777 to set green.
2025-05-29 15:19:53,314 - INFO - Processing proximity: Unnamed - 15.703379499362285m
2025-05-29 15:19:53,314 - INFO - Selected signal 4692323186 to set green.
2025-05-29 15:19:53,767 - INFO - Processing proximity: Unnamed - 0m
2025-05-29 15:19:53,767 - INFO - Selected signal 4692323187 to set green.
2025-05-29 15:24:38,302 - INFO - Received route calculation request: source_lat=12.972791 source_lng=77.586308 dest_lat=12.982157 dest_lng=77.598217
2025-05-29 15:24:38,302 - INFO - Loading graph from file: ./data/simplified_bengaluru.graphml
2025-05-29 15:26:08,508 - INFO - Graph loaded with 152601 nodes and 388165 edges.
2025-05-29 15:26:08,508 - INFO - Extracting subgraph for source=(12.972791, 77.586308), dest=(12.982157, 77.598217)
2025-05-29 15:26:29,676 - INFO - Subgraph extracted with 6953 nodes and 17557 edges.
2025-05-29 15:26:29,738 - INFO - Start node: 663311696, End node: 429303174
2025-05-29 15:26:29,749 - INFO - AmbulanceRouter initialized with graph containing 6953 nodes and 17557 edges.
2025-05-29 15:26:29,751 - INFO - Starting A* search from node 663311696 to node 429303174.
2025-05-29 15:26:29,800 - INFO - A* search completed. Path found: [663311696, 10044013422, 287793735, 245615180, 12759084951, 3943325840, 428420786, 248459848, 4058224827, 10595455538, 246397920, 3943327578, 7697830171, 1232686162, 11286303353, 3641907748, 3641907747, 663596583, 5466316467, 2016244606, 429303173, 294081383, 429303174]
2025-05-29 15:26:29,807 - INFO - Calculated path: [663311696, 10044013422, 287793735, 245615180, 12759084951, 3943325840, 428420786, 248459848, 4058224827, 10595455538, 246397920, 3943327578, 7697830171, 1232686162, 11286303353, 3641907748, 3641907747, 663596583, 5466316467, 2016244606, 429303173, 294081383, 429303174]
2025-05-29 15:26:29,810 - INFO - Route cached with key: df35a493642af6e5cec9af461b06c6e4a9ddcb8095331fb9f0df1fdad95e2f39
